Analysis & Synthesis report for johnpaul_chouery_vhdl6
Wed Apr 12 18:37:16 2023
Quartus Prime Version 15.1.0 Build 185 10/21/2015 SJ Standard Edition


---------------------
; Table of Contents ;
---------------------
  1. Legal Notice
  2. Analysis & Synthesis Summary
  3. Analysis & Synthesis Settings
  4. Parallel Compilation
  5. Analysis & Synthesis Source Files Read
  6. Analysis & Synthesis Resource Usage Summary
  7. Analysis & Synthesis Resource Utilization by Entity
  8. Registers Removed During Synthesis
  9. General Register Statistics
 10. Inverted Register Statistics
 11. Multiplexer Restructuring Statistics (Restructuring Performed)
 12. Port Connectivity Checks: "seven_segment_decoder:HEX5_code"
 13. Port Connectivity Checks: "seven_segment_decoder:HEX0_code"
 14. Port Connectivity Checks: "johnpaul_chouery_sequence_detector:seqCount"
 15. Port Connectivity Checks: "johnpaul_chouery_clock_divider:clockdiv"
 16. Post-Synthesis Netlist Statistics for Top Partition
 17. Elapsed Time Per Partition
 18. Analysis & Synthesis Messages



----------------
; Legal Notice ;
----------------
Copyright (C) 1991-2015 Altera Corporation. All rights reserved.
Your use of Altera Corporation's design tools, logic functions 
and other software and tools, and its AMPP partner logic 
functions, and any output files from any of the foregoing 
(including device programming or simulation files), and any 
associated documentation or information are expressly subject 
to the terms and conditions of the Altera Program License 
Subscription Agreement, the Altera Quartus Prime License Agreement,
the Altera MegaCore Function License Agreement, or other 
applicable license agreement, including, without limitation, 
that your use is for the sole purpose of programming logic 
devices manufactured by Altera and sold by Altera or its 
authorized distributors.  Please refer to the applicable 
agreement for further details.



+-----------------------------------------------------------------------------------+
; Analysis & Synthesis Summary                                                      ;
+---------------------------------+-------------------------------------------------+
; Analysis & Synthesis Status     ; Successful - Wed Apr 12 18:37:15 2023           ;
; Quartus Prime Version           ; 15.1.0 Build 185 10/21/2015 SJ Standard Edition ;
; Revision Name                   ; johnpaul_chouery_vhdl6                          ;
; Top-level Entity Name           ; johnpaul_chouery_wrapper2                       ;
; Family                          ; Cyclone V                                       ;
; Logic utilization (in ALMs)     ; N/A                                             ;
; Total registers                 ; 55                                              ;
; Total pins                      ; 16                                              ;
; Total virtual pins              ; 0                                               ;
; Total block memory bits         ; 0                                               ;
; Total DSP Blocks                ; 0                                               ;
; Total HSSI RX PCSs              ; 0                                               ;
; Total HSSI PMA RX Deserializers ; 0                                               ;
; Total HSSI TX PCSs              ; 0                                               ;
; Total HSSI PMA TX Serializers   ; 0                                               ;
; Total PLLs                      ; 0                                               ;
; Total DLLs                      ; 0                                               ;
+---------------------------------+-------------------------------------------------+


+--------------------------------------------------------------------------------------------------------------------------------------+
; Analysis & Synthesis Settings                                                                                                        ;
+---------------------------------------------------------------------------------+---------------------------+------------------------+
; Option                                                                          ; Setting                   ; Default Value          ;
+---------------------------------------------------------------------------------+---------------------------+------------------------+
; Device                                                                          ; 5CSEMA5F31C6              ;                        ;
; Top-level entity name                                                           ; johnpaul_chouery_wrapper2 ; johnpaul_chouery_vhdl6 ;
; Family name                                                                     ; Cyclone V                 ; Cyclone V              ;
; Use smart compilation                                                           ; Off                       ; Off                    ;
; Enable parallel Assembler and TimeQuest Timing Analyzer during compilation      ; On                        ; On                     ;
; Enable compact report table                                                     ; Off                       ; Off                    ;
; Restructure Multiplexers                                                        ; Auto                      ; Auto                   ;
; MLAB Add Timing Constraints For Mixed-Port Feed-Through Mode Setting Don't Care ; Off                       ; Off                    ;
; Create Debugging Nodes for IP Cores                                             ; Off                       ; Off                    ;
; Preserve fewer node names                                                       ; On                        ; On                     ;
; Disable OpenCore Plus hardware evaluation                                       ; Off                       ; Off                    ;
; Verilog Version                                                                 ; Verilog_2001              ; Verilog_2001           ;
; VHDL Version                                                                    ; VHDL_1993                 ; VHDL_1993              ;
; State Machine Processing                                                        ; Auto                      ; Auto                   ;
; Safe State Machine                                                              ; Off                       ; Off                    ;
; Extract Verilog State Machines                                                  ; On                        ; On                     ;
; Extract VHDL State Machines                                                     ; On                        ; On                     ;
; Ignore Verilog initial constructs                                               ; Off                       ; Off                    ;
; Iteration limit for constant Verilog loops                                      ; 5000                      ; 5000                   ;
; Iteration limit for non-constant Verilog loops                                  ; 250                       ; 250                    ;
; Add Pass-Through Logic to Inferred RAMs                                         ; On                        ; On                     ;
; Infer RAMs from Raw Logic                                                       ; On                        ; On                     ;
; Parallel Synthesis                                                              ; On                        ; On                     ;
; DSP Block Balancing                                                             ; Auto                      ; Auto                   ;
; NOT Gate Push-Back                                                              ; On                        ; On                     ;
; Power-Up Don't Care                                                             ; On                        ; On                     ;
; Remove Redundant Logic Cells                                                    ; Off                       ; Off                    ;
; Remove Duplicate Registers                                                      ; On                        ; On                     ;
; Ignore CARRY Buffers                                                            ; Off                       ; Off                    ;
; Ignore CASCADE Buffers                                                          ; Off                       ; Off                    ;
; Ignore GLOBAL Buffers                                                           ; Off                       ; Off                    ;
; Ignore ROW GLOBAL Buffers                                                       ; Off                       ; Off                    ;
; Ignore LCELL Buffers                                                            ; Off                       ; Off                    ;
; Ignore SOFT Buffers                                                             ; On                        ; On                     ;
; Limit AHDL Integers to 32 Bits                                                  ; Off                       ; Off                    ;
; Optimization Technique                                                          ; Balanced                  ; Balanced               ;
; Carry Chain Length                                                              ; 70                        ; 70                     ;
; Auto Carry Chains                                                               ; On                        ; On                     ;
; Auto Open-Drain Pins                                                            ; On                        ; On                     ;
; Perform WYSIWYG Primitive Resynthesis                                           ; Off                       ; Off                    ;
; Auto ROM Replacement                                                            ; On                        ; On                     ;
; Auto RAM Replacement                                                            ; On                        ; On                     ;
; Auto DSP Block Replacement                                                      ; On                        ; On                     ;
; Auto Shift Register Replacement                                                 ; Auto                      ; Auto                   ;
; Allow Shift Register Merging across Hierarchies                                 ; Auto                      ; Auto                   ;
; Auto Clock Enable Replacement                                                   ; On                        ; On                     ;
; Strict RAM Replacement                                                          ; Off                       ; Off                    ;
; Allow Synchronous Control Signals                                               ; On                        ; On                     ;
; Force Use of Synchronous Clear Signals                                          ; Off                       ; Off                    ;
; Auto Resource Sharing                                                           ; Off                       ; Off                    ;
; Allow Any RAM Size For Recognition                                              ; Off                       ; Off                    ;
; Allow Any ROM Size For Recognition                                              ; Off                       ; Off                    ;
; Allow Any Shift Register Size For Recognition                                   ; Off                       ; Off                    ;
; Use LogicLock Constraints during Resource Balancing                             ; On                        ; On                     ;
; Ignore translate_off and synthesis_off directives                               ; Off                       ; Off                    ;
; Timing-Driven Synthesis                                                         ; On                        ; On                     ;
; Report Parameter Settings                                                       ; On                        ; On                     ;
; Report Source Assignments                                                       ; On                        ; On                     ;
; Report Connectivity Checks                                                      ; On                        ; On                     ;
; Ignore Maximum Fan-Out Assignments                                              ; Off                       ; Off                    ;
; Synchronization Register Chain Length                                           ; 3                         ; 3                      ;
; PowerPlay Power Optimization During Synthesis                                   ; Normal compilation        ; Normal compilation     ;
; HDL message level                                                               ; Level2                    ; Level2                 ;
; Suppress Register Optimization Related Messages                                 ; Off                       ; Off                    ;
; Number of Removed Registers Reported in Synthesis Report                        ; 5000                      ; 5000                   ;
; Number of Swept Nodes Reported in Synthesis Report                              ; 5000                      ; 5000                   ;
; Number of Inverted Registers Reported in Synthesis Report                       ; 100                       ; 100                    ;
; Clock MUX Protection                                                            ; On                        ; On                     ;
; Auto Gated Clock Conversion                                                     ; Off                       ; Off                    ;
; Block Design Naming                                                             ; Auto                      ; Auto                   ;
; SDC constraint protection                                                       ; Off                       ; Off                    ;
; Synthesis Effort                                                                ; Auto                      ; Auto                   ;
; Shift Register Replacement - Allow Asynchronous Clear Signal                    ; On                        ; On                     ;
; Pre-Mapping Resynthesis Optimization                                            ; Off                       ; Off                    ;
; Analysis & Synthesis Message Level                                              ; Medium                    ; Medium                 ;
; Disable Register Merging Across Hierarchies                                     ; Auto                      ; Auto                   ;
; Resource Aware Inference For Block RAM                                          ; On                        ; On                     ;
; Synthesis Seed                                                                  ; 1                         ; 1                      ;
; Automatic Parallel Synthesis                                                    ; On                        ; On                     ;
; Partial Reconfiguration Bitstream ID                                            ; Off                       ; Off                    ;
+---------------------------------------------------------------------------------+---------------------------+------------------------+


+------------------------------------------+
; Parallel Compilation                     ;
+----------------------------+-------------+
; Processors                 ; Number      ;
+----------------------------+-------------+
; Number detected on machine ; 8           ;
; Maximum allowed            ; 8           ;
;                            ;             ;
; Average used               ; 1.00        ;
; Maximum used               ; 8           ;
;                            ;             ;
; Usage by Processor         ; % Time Used ;
;     Processor 1            ; 100.0%      ;
;     Processors 2-8         ; < 0.1%      ;
+----------------------------+-------------+


+-----------------------------------------------------------------------------------------------------------------------------------------------------+
; Analysis & Synthesis Source Files Read                                                                                                              ;
+----------------------------------------+-----------------+-----------------+--------------------------------------------------------------+---------+
; File Name with User-Entered Path       ; Used in Netlist ; File Type       ; File Name with Absolute Path                                 ; Library ;
+----------------------------------------+-----------------+-----------------+--------------------------------------------------------------+---------+
; ROM.vhd                                ; yes             ; User VHDL File  ; P:/ECSE 222/New/VHDL6/ROM.vhd                                ;         ;
; johnpaul_chouery_FSM.vhd               ; yes             ; User VHDL File  ; P:/ECSE 222/New/VHDL6/johnpaul_chouery_FSM.vhd               ;         ;
; seven_segment_decoder.vhd              ; yes             ; User VHDL File  ; P:/ECSE 222/New/VHDL6/seven_segment_decoder.vhd              ;         ;
; johnpaul_chouery_counter.vhd           ; yes             ; User VHDL File  ; P:/ECSE 222/New/VHDL6/johnpaul_chouery_counter.vhd           ;         ;
; johnpaul_chouery_clock_divider.vhd     ; yes             ; User VHDL File  ; P:/ECSE 222/New/VHDL6/johnpaul_chouery_clock_divider.vhd     ;         ;
; johnpaul_chouery_sequence_detector.vhd ; yes             ; User VHDL File  ; P:/ECSE 222/New/VHDL6/johnpaul_chouery_sequence_detector.vhd ;         ;
; johnpaul_chouery_wrapper2.vhd          ; yes             ; User VHDL File  ; P:/ECSE 222/New/VHDL6/johnpaul_chouery_wrapper2.vhd          ;         ;
+----------------------------------------+-----------------+-----------------+--------------------------------------------------------------+---------+


+-----------------------------------------------------------+
; Analysis & Synthesis Resource Usage Summary               ;
+---------------------------------------------+-------------+
; Resource                                    ; Usage       ;
+---------------------------------------------+-------------+
; Estimate of Logic utilization (ALMs needed) ; 61          ;
;                                             ;             ;
; Combinational ALUT usage for logic          ; 100         ;
;     -- 7 input functions                    ; 0           ;
;     -- 6 input functions                    ; 22          ;
;     -- 5 input functions                    ; 6           ;
;     -- 4 input functions                    ; 3           ;
;     -- <=3 input functions                  ; 69          ;
;                                             ;             ;
; Dedicated logic registers                   ; 55          ;
;                                             ;             ;
; I/O pins                                    ; 16          ;
;                                             ;             ;
; Total DSP Blocks                            ; 0           ;
;                                             ;             ;
; Maximum fan-out node                        ; reset~input ;
; Maximum fan-out                             ; 40          ;
; Total fan-out                               ; 500         ;
; Average fan-out                             ; 2.67        ;
+---------------------------------------------+-------------+


+----------------------------------------------------------------------------------------------------------------------------------------------------------------------------------------------------------------------------------------------------------------------+
; Analysis & Synthesis Resource Utilization by Entity                                                                                                                                                                                                                  ;
+--------------------------------------------------+-------------------+--------------+-------------------+------------+------+--------------+----------------------------------------------------------------------------------------------------------+--------------+
; Compilation Hierarchy Node                       ; LC Combinationals ; LC Registers ; Block Memory Bits ; DSP Blocks ; Pins ; Virtual Pins ; Full Hierarchy Name                                                                                      ; Library Name ;
+--------------------------------------------------+-------------------+--------------+-------------------+------------+------+--------------+----------------------------------------------------------------------------------------------------------+--------------+
; |johnpaul_chouery_wrapper2                       ; 100 (0)           ; 55 (0)       ; 0                 ; 0          ; 16   ; 0            ; |johnpaul_chouery_wrapper2                                                                               ; work         ;
;    |ROM:ROMelement|                              ; 13 (13)           ; 8 (8)        ; 0                 ; 0          ; 0    ; 0            ; |johnpaul_chouery_wrapper2|ROM:ROMelement                                                                ; work         ;
;    |johnpaul_chouery_clock_divider:clockdiv|     ; 59 (59)           ; 33 (33)      ; 0                 ; 0          ; 0    ; 0            ; |johnpaul_chouery_wrapper2|johnpaul_chouery_clock_divider:clockdiv                                       ; work         ;
;    |johnpaul_chouery_sequence_detector:seqCount| ; 14 (0)            ; 14 (0)       ; 0                 ; 0          ; 0    ; 0            ; |johnpaul_chouery_wrapper2|johnpaul_chouery_sequence_detector:seqCount                                   ; work         ;
;       |johnpaul_chouery_FSM:FSM_main|            ; 8 (8)             ; 8 (8)        ; 0                 ; 0          ; 0    ; 0            ; |johnpaul_chouery_wrapper2|johnpaul_chouery_sequence_detector:seqCount|johnpaul_chouery_FSM:FSM_main     ; work         ;
;       |johnpaul_chouery_counter:counter1|        ; 3 (3)             ; 3 (3)        ; 0                 ; 0          ; 0    ; 0            ; |johnpaul_chouery_wrapper2|johnpaul_chouery_sequence_detector:seqCount|johnpaul_chouery_counter:counter1 ; work         ;
;       |johnpaul_chouery_counter:counter2|        ; 3 (3)             ; 3 (3)        ; 0                 ; 0          ; 0    ; 0            ; |johnpaul_chouery_wrapper2|johnpaul_chouery_sequence_detector:seqCount|johnpaul_chouery_counter:counter2 ; work         ;
;    |seven_segment_decoder:HEX0_code|             ; 7 (7)             ; 0 (0)        ; 0                 ; 0          ; 0    ; 0            ; |johnpaul_chouery_wrapper2|seven_segment_decoder:HEX0_code                                               ; work         ;
;    |seven_segment_decoder:HEX5_code|             ; 7 (7)             ; 0 (0)        ; 0                 ; 0          ; 0    ; 0            ; |johnpaul_chouery_wrapper2|seven_segment_decoder:HEX5_code                                               ; work         ;
+--------------------------------------------------+-------------------+--------------+-------------------+------------+------+--------------+----------------------------------------------------------------------------------------------------------+--------------+
Note: For table entries with two numbers listed, the numbers in parentheses indicate the number of resources of the given type used by the specific entity alone. The numbers listed outside of parentheses indicate the total resources of the given type used by the specific entity and all of its sub-entities in the hierarchy.


+----------------------------------------------------------------------------------------------------------------------------------------------------------------------------------------------------------+
; Registers Removed During Synthesis                                                                                                                                                                       ;
+---------------------------------------------------------------------------------------------------+------------------------------------------------------------------------------------------------------+
; Register name                                                                                     ; Reason for Removal                                                                                   ;
+---------------------------------------------------------------------------------------------------+------------------------------------------------------------------------------------------------------+
; johnpaul_chouery_sequence_detector:seqCount|johnpaul_chouery_FSM:FSM_main|out1_state[3..9,11..31] ; Merged with johnpaul_chouery_sequence_detector:seqCount|johnpaul_chouery_FSM:FSM_main|out1_state[10] ;
; johnpaul_chouery_sequence_detector:seqCount|johnpaul_chouery_FSM:FSM_main|out2_state[3..9,11..31] ; Merged with johnpaul_chouery_sequence_detector:seqCount|johnpaul_chouery_FSM:FSM_main|out2_state[10] ;
; johnpaul_chouery_sequence_detector:seqCount|johnpaul_chouery_FSM:FSM_main|out1_state[10]          ; Stuck at GND due to stuck port data_in                                                               ;
; johnpaul_chouery_sequence_detector:seqCount|johnpaul_chouery_FSM:FSM_main|out2_state[10]          ; Stuck at GND due to stuck port data_in                                                               ;
; Total Number of Removed Registers = 58                                                            ;                                                                                                      ;
+---------------------------------------------------------------------------------------------------+------------------------------------------------------------------------------------------------------+


+------------------------------------------------------+
; General Register Statistics                          ;
+----------------------------------------------+-------+
; Statistic                                    ; Value ;
+----------------------------------------------+-------+
; Total registers                              ; 55    ;
; Number of registers using Synchronous Clear  ; 15    ;
; Number of registers using Synchronous Load   ; 0     ;
; Number of registers using Asynchronous Clear ; 8     ;
; Number of registers using Asynchronous Load  ; 0     ;
; Number of registers using Clock Enable       ; 1     ;
; Number of registers using Preset             ; 0     ;
+----------------------------------------------+-------+


+---------------------------------------------------------------------------------------------------+
; Inverted Register Statistics                                                                      ;
+-----------------------------------------------------------------------------------------+---------+
; Inverted Register                                                                       ; Fan out ;
+-----------------------------------------------------------------------------------------+---------+
; johnpaul_chouery_sequence_detector:seqCount|johnpaul_chouery_FSM:FSM_main|out1_state[0] ; 4       ;
; johnpaul_chouery_sequence_detector:seqCount|johnpaul_chouery_FSM:FSM_main|out2_state[0] ; 4       ;
; johnpaul_chouery_clock_divider:clockdiv|tempCount[19]                                   ; 2       ;
; johnpaul_chouery_clock_divider:clockdiv|tempCount[20]                                   ; 2       ;
; johnpaul_chouery_clock_divider:clockdiv|tempCount[21]                                   ; 2       ;
; johnpaul_chouery_clock_divider:clockdiv|tempCount[22]                                   ; 2       ;
; johnpaul_chouery_clock_divider:clockdiv|tempCount[23]                                   ; 2       ;
; johnpaul_chouery_clock_divider:clockdiv|tempCount[25]                                   ; 2       ;
; johnpaul_chouery_clock_divider:clockdiv|tempCount[0]                                    ; 2       ;
; johnpaul_chouery_clock_divider:clockdiv|tempCount[1]                                    ; 2       ;
; johnpaul_chouery_clock_divider:clockdiv|tempCount[2]                                    ; 2       ;
; johnpaul_chouery_clock_divider:clockdiv|tempCount[3]                                    ; 2       ;
; johnpaul_chouery_clock_divider:clockdiv|tempCount[4]                                    ; 2       ;
; johnpaul_chouery_clock_divider:clockdiv|tempCount[5]                                    ; 2       ;
; johnpaul_chouery_clock_divider:clockdiv|tempCount[6]                                    ; 2       ;
; johnpaul_chouery_clock_divider:clockdiv|tempCount[12]                                   ; 2       ;
; johnpaul_chouery_clock_divider:clockdiv|tempCount[13]                                   ; 2       ;
; johnpaul_chouery_clock_divider:clockdiv|tempCount[14]                                   ; 2       ;
; johnpaul_chouery_clock_divider:clockdiv|tempCount[15]                                   ; 2       ;
; johnpaul_chouery_clock_divider:clockdiv|tempCount[17]                                   ; 2       ;
; Total number of inverted registers = 20                                                 ;         ;
+-----------------------------------------------------------------------------------------+---------+


+-------------------------------------------------------------------------------------------------------------------------------------------------------------------------------------------------------------------------------------+
; Multiplexer Restructuring Statistics (Restructuring Performed)                                                                                                                                                                      ;
+--------------------+-----------+---------------+----------------------+------------------------+------------+-----------------------------------------------------------------------------------------------------------------------+
; Multiplexer Inputs ; Bus Width ; Baseline Area ; Area if Restructured ; Saving if Restructured ; Registered ; Example Multiplexer Output                                                                                            ;
+--------------------+-----------+---------------+----------------------+------------------------+------------+-----------------------------------------------------------------------------------------------------------------------+
; 3:1                ; 3 bits    ; 6 LEs         ; 6 LEs                ; 0 LEs                  ; Yes        ; |johnpaul_chouery_wrapper2|johnpaul_chouery_sequence_detector:seqCount|johnpaul_chouery_counter:counter1|tempCount[2] ;
; 3:1                ; 3 bits    ; 6 LEs         ; 6 LEs                ; 0 LEs                  ; Yes        ; |johnpaul_chouery_wrapper2|johnpaul_chouery_sequence_detector:seqCount|johnpaul_chouery_counter:counter2|tempCount[0] ;
; 3:1                ; 14 bits   ; 28 LEs        ; 0 LEs                ; 28 LEs                 ; Yes        ; |johnpaul_chouery_wrapper2|johnpaul_chouery_clock_divider:clockdiv|tempCount[30]                                      ;
; 12:1               ; 3 bits    ; 24 LEs        ; 21 LEs               ; 3 LEs                  ; Yes        ; |johnpaul_chouery_wrapper2|johnpaul_chouery_sequence_detector:seqCount|johnpaul_chouery_FSM:FSM_main|out1_state[1]    ;
; 12:1               ; 3 bits    ; 24 LEs        ; 21 LEs               ; 3 LEs                  ; Yes        ; |johnpaul_chouery_wrapper2|johnpaul_chouery_sequence_detector:seqCount|johnpaul_chouery_FSM:FSM_main|out2_state[1]    ;
; 3:1                ; 18 bits   ; 36 LEs        ; 36 LEs               ; 0 LEs                  ; Yes        ; |johnpaul_chouery_wrapper2|johnpaul_chouery_clock_divider:clockdiv|tempCount[0]                                       ;
+--------------------+-----------+---------------+----------------------+------------------------+------------+-----------------------------------------------------------------------------------------------------------------------+


+-------------------------------------------------------------+
; Port Connectivity Checks: "seven_segment_decoder:HEX5_code" ;
+---------+-------+----------+--------------------------------+
; Port    ; Type  ; Severity ; Details                        ;
+---------+-------+----------+--------------------------------+
; code[3] ; Input ; Info     ; Stuck at GND                   ;
+---------+-------+----------+--------------------------------+


+-------------------------------------------------------------+
; Port Connectivity Checks: "seven_segment_decoder:HEX0_code" ;
+---------+-------+----------+--------------------------------+
; Port    ; Type  ; Severity ; Details                        ;
+---------+-------+----------+--------------------------------+
; code[3] ; Input ; Info     ; Stuck at GND                   ;
+---------+-------+----------+--------------------------------+


+-------------------------------------------------------------------------+
; Port Connectivity Checks: "johnpaul_chouery_sequence_detector:seqCount" ;
+--------+-------+----------+---------------------------------------------+
; Port   ; Type  ; Severity ; Details                                     ;
+--------+-------+----------+---------------------------------------------+
; enable ; Input ; Info     ; Stuck at VCC                                ;
+--------+-------+----------+---------------------------------------------+


+---------------------------------------------------------------------+
; Port Connectivity Checks: "johnpaul_chouery_clock_divider:clockdiv" ;
+--------+-------+----------+-----------------------------------------+
; Port   ; Type  ; Severity ; Details                                 ;
+--------+-------+----------+-----------------------------------------+
; enable ; Input ; Info     ; Stuck at VCC                            ;
+--------+-------+----------+-----------------------------------------+


+-----------------------------------------------------+
; Post-Synthesis Netlist Statistics for Top Partition ;
+-----------------------+-----------------------------+
; Type                  ; Count                       ;
+-----------------------+-----------------------------+
; arriav_ff             ; 55                          ;
;     CLR               ; 8                           ;
;     ENA               ; 1                           ;
;     SCLR              ; 15                          ;
;     plain             ; 31                          ;
; arriav_lcell_comb     ; 100                         ;
;     arith             ; 39                          ;
;         1 data inputs ; 38                          ;
;         2 data inputs ; 1                           ;
;     normal            ; 61                          ;
;         1 data inputs ; 1                           ;
;         2 data inputs ; 3                           ;
;         3 data inputs ; 26                          ;
;         4 data inputs ; 3                           ;
;         5 data inputs ; 6                           ;
;         6 data inputs ; 22                          ;
; boundary_port         ; 16                          ;
;                       ;                             ;
; Max LUT depth         ; 4.50                        ;
; Average LUT depth     ; 2.81                        ;
+-----------------------+-----------------------------+


+-------------------------------+
; Elapsed Time Per Partition    ;
+----------------+--------------+
; Partition Name ; Elapsed Time ;
+----------------+--------------+
; Top            ; 00:00:06     ;
+----------------+--------------+


+-------------------------------+
; Analysis & Synthesis Messages ;
+-------------------------------+
Info: *******************************************************************
Info: Running Quartus Prime Analysis & Synthesis
    Info: Version 15.1.0 Build 185 10/21/2015 SJ Standard Edition
    Info: Processing started: Wed Apr 12 18:36:40 2023
Info: Command: quartus_map --read_settings_files=on --write_settings_files=off johnpaul_chouery_vhdl6 -c johnpaul_chouery_vhdl6
Info (20030): Parallel compilation is enabled and will use 8 of the 8 processors detected
Info (12021): Found 2 design units, including 1 entities, in source file rom.vhd
    Info (12022): Found design unit 1: ROM-arch File: P:/ECSE 222/New/VHDL6/ROM.vhd Line: 13
    Info (12023): Found entity 1: ROM File: P:/ECSE 222/New/VHDL6/ROM.vhd Line: 5
Info (12021): Found 2 design units, including 1 entities, in source file johnpaul_chouery_fsm.vhd
    Info (12022): Found design unit 1: johnpaul_chouery_FSM-arch File: P:/ECSE 222/New/VHDL6/johnpaul_chouery_FSM.vhd Line: 15
    Info (12023): Found entity 1: johnpaul_chouery_FSM File: P:/ECSE 222/New/VHDL6/johnpaul_chouery_FSM.vhd Line: 6
Info (12021): Found 2 design units, including 1 entities, in source file seven_segment_decoder.vhd
    Info (12022): Found design unit 1: seven_segment_decoder-decoder File: P:/ECSE 222/New/VHDL6/seven_segment_decoder.vhd Line: 10
    Info (12023): Found entity 1: seven_segment_decoder File: P:/ECSE 222/New/VHDL6/seven_segment_decoder.vhd Line: 5
Info (12021): Found 2 design units, including 1 entities, in source file johnpaul_chouery_jkff.vhd
    Info (12022): Found design unit 1: johnpaul_chouery_jkff-arch File: P:/ECSE 222/New/VHDL6/johnpaul_chouery_jkff.vhd Line: 12
    Info (12023): Found entity 1: johnpaul_chouery_jkff File: P:/ECSE 222/New/VHDL6/johnpaul_chouery_jkff.vhd Line: 5
Info (12021): Found 2 design units, including 1 entities, in source file johnpaul_chouery_counter.vhd
    Info (12022): Found design unit 1: johnpaul_chouery_counter-arch File: P:/ECSE 222/New/VHDL6/johnpaul_chouery_counter.vhd Line: 14
    Info (12023): Found entity 1: johnpaul_chouery_counter File: P:/ECSE 222/New/VHDL6/johnpaul_chouery_counter.vhd Line: 6
Info (12021): Found 2 design units, including 1 entities, in source file johnpaul_chouery_clock_divider.vhd
    Info (12022): Found design unit 1: johnpaul_chouery_clock_divider-arch File: P:/ECSE 222/New/VHDL6/johnpaul_chouery_clock_divider.vhd Line: 14
    Info (12023): Found entity 1: johnpaul_chouery_clock_divider File: P:/ECSE 222/New/VHDL6/johnpaul_chouery_clock_divider.vhd Line: 6
Info (12021): Found 2 design units, including 1 entities, in source file johnpaul_chouery_wrapper.vhd
    Info (12022): Found design unit 1: johnpaul_chouery_wrapper-arch File: P:/ECSE 222/New/VHDL6/johnpaul_chouery_wrapper.vhd Line: 13
    Info (12023): Found entity 1: johnpaul_chouery_wrapper File: P:/ECSE 222/New/VHDL6/johnpaul_chouery_wrapper.vhd Line: 5
Info (12021): Found 2 design units, including 1 entities, in source file johnpaul_chouery_sequence_detector.vhd
    Info (12022): Found design unit 1: johnpaul_chouery_sequence_detector-arch File: P:/ECSE 222/New/VHDL6/johnpaul_chouery_sequence_detector.vhd Line: 14
    Info (12023): Found entity 1: johnpaul_chouery_sequence_detector File: P:/ECSE 222/New/VHDL6/johnpaul_chouery_sequence_detector.vhd Line: 5
Info (12021): Found 2 design units, including 1 entities, in source file johnpaul_chouery_wrapper2.vhd
    Info (12022): Found design unit 1: johnpaul_chouery_wrapper2-arch File: P:/ECSE 222/New/VHDL6/johnpaul_chouery_wrapper2.vhd Line: 13
    Info (12023): Found entity 1: johnpaul_chouery_wrapper2 File: P:/ECSE 222/New/VHDL6/johnpaul_chouery_wrapper2.vhd Line: 5
Info (12127): Elaborating entity "johnpaul_chouery_wrapper2" for the top level hierarchy
Info (12128): Elaborating entity "johnpaul_chouery_clock_divider" for hierarchy "johnpaul_chouery_clock_divider:clockdiv" File: P:/ECSE 222/New/VHDL6/johnpaul_chouery_wrapper2.vhd Line: 53
Info (12128): Elaborating entity "ROM" for hierarchy "ROM:ROMelement" File: P:/ECSE 222/New/VHDL6/johnpaul_chouery_wrapper2.vhd Line: 54
Warning (10540): VHDL Signal Declaration warning at ROM.vhd(18): used explicit default value for signal "sevenSegment_ROM" because signal was never assigned a value File: P:/ECSE 222/New/VHDL6/ROM.vhd Line: 18
Info (12128): Elaborating entity "johnpaul_chouery_sequence_detector" for hierarchy "johnpaul_chouery_sequence_detector:seqCount" File: P:/ECSE 222/New/VHDL6/johnpaul_chouery_wrapper2.vhd Line: 55
Info (12128): Elaborating entity "johnpaul_chouery_FSM" for hierarchy "johnpaul_chouery_sequence_detector:seqCount|johnpaul_chouery_FSM:FSM_main" File: P:/ECSE 222/New/VHDL6/johnpaul_chouery_sequence_detector.vhd Line: 36
Info (12128): Elaborating entity "johnpaul_chouery_counter" for hierarchy "johnpaul_chouery_sequence_detector:seqCount|johnpaul_chouery_counter:counter1" File: P:/ECSE 222/New/VHDL6/johnpaul_chouery_sequence_detector.vhd Line: 37
Info (12128): Elaborating entity "seven_segment_decoder" for hierarchy "seven_segment_decoder:HEX0_code" File: P:/ECSE 222/New/VHDL6/johnpaul_chouery_wrapper2.vhd Line: 58
Info (286030): Timing-Driven Synthesis is running
Info (16010): Generating hard_block partition "hard_block:auto_generated_inst"
    Info (16011): Adding 0 node(s), including 0 DDIO, 0 PLL, 0 transceiver and 0 LCELL
Info (21057): Implemented 117 device resources after synthesis - the final resource count might be different
    Info (21058): Implemented 2 input pins
    Info (21059): Implemented 14 output pins
    Info (21061): Implemented 101 logic cells
Info: Quartus Prime Analysis & Synthesis was successful. 0 errors, 1 warning
    Info: Peak virtual memory: 5088 megabytes
    Info: Processing ended: Wed Apr 12 18:37:18 2023
    Info: Elapsed time: 00:00:38
    Info: Total CPU time (on all processors): 00:00:18


