Flow report for johnpaul_chouery_vhdl5
Sat Mar 18 15:42:05 2023
Quartus Prime Version 15.1.0 Build 185 10/21/2015 SJ Standard Edition


---------------------
; Table of Contents ;
---------------------
  1. Legal Notice
  2. Flow Summary
  3. Flow Settings
  4. Flow Non-Default Global Settings
  5. Flow Elapsed Time
  6. Flow OS Summary
  7. Flow Log
  8. Flow Messages
  9. Flow Suppressed Messages



----------------
; Legal Notice ;
----------------
Copyright (C) 1991-2015 Altera Corporation. All rights reserved.
Your use of Altera Corporation's design tools, logic functions 
and other software and tools, and its AMPP partner logic 
functions, and any output files from any of the foregoing 
(including device programming or simulation files), and any 
associated documentation or information are expressly subject 
to the terms and conditions of the Altera Program License 
Subscription Agreement, the Altera Quartus Prime License Agreement,
the Altera MegaCore Function License Agreement, or other 
applicable license agreement, including, without limitation, 
that your use is for the sole purpose of programming logic 
devices manufactured by Altera and sold by Altera or its 
authorized distributors.  Please refer to the applicable 
agreement for further details.



+-----------------------------------------------------------------------------------+
; Flow Summary                                                                      ;
+---------------------------------+-------------------------------------------------+
; Flow Status                     ; Successful - Sat Mar 18 15:42:05 2023           ;
; Quartus Prime Version           ; 15.1.0 Build 185 10/21/2015 SJ Standard Edition ;
; Revision Name                   ; johnpaul_chouery_vhdl5                          ;
; Top-level Entity Name           ; johnpaul_chouery_comparator                     ;
; Family                          ; Cyclone V                                       ;
; Device                          ; 5CSEMA5F31C6                                    ;
; Timing Models                   ; Final                                           ;
; Logic utilization (in ALMs)     ; 11 / 32,070 ( < 1 % )                           ;
; Total registers                 ; 0                                               ;
; Total pins                      ; 14 / 457 ( 3 % )                                ;
; Total virtual pins              ; 0                                               ;
; Total block memory bits         ; 0 / 4,065,280 ( 0 % )                           ;
; Total DSP Blocks                ; 0 / 87 ( 0 % )                                  ;
; Total HSSI RX PCSs              ; 0                                               ;
; Total HSSI PMA RX Deserializers ; 0                                               ;
; Total HSSI TX PCSs              ; 0                                               ;
; Total HSSI PMA TX Serializers   ; 0                                               ;
; Total PLLs                      ; 0 / 6 ( 0 % )                                   ;
; Total DLLs                      ; 0 / 4 ( 0 % )                                   ;
+---------------------------------+-------------------------------------------------+


+--------------------------------------------+
; Flow Settings                              ;
+-------------------+------------------------+
; Option            ; Setting                ;
+-------------------+------------------------+
; Start date & time ; 03/18/2023 15:40:50    ;
; Main task         ; Compilation            ;
; Revision Name     ; johnpaul_chouery_vhdl5 ;
+-------------------+------------------------+


+-----------------------------------------------------------------------------------------------------------------------------------------------------+
; Flow Non-Default Global Settings                                                                                                                    ;
+-------------------------------------+---------------------------------------+------------------------+-----------------------------+----------------+
; Assignment Name                     ; Value                                 ; Default Value          ; Entity Name                 ; Section Id     ;
+-------------------------------------+---------------------------------------+------------------------+-----------------------------+----------------+
; COMPILER_SIGNATURE_ID               ; 123926586545955.167916844902752       ; --                     ; --                          ; --             ;
; EDA_OUTPUT_DATA_FORMAT              ; Vhdl                                  ; --                     ; --                          ; eda_simulation ;
; EDA_SIMULATION_TOOL                 ; ModelSim-Altera (VHDL)                ; <None>                 ; --                          ; --             ;
; MAX_CORE_JUNCTION_TEMP              ; 85                                    ; --                     ; --                          ; --             ;
; MIN_CORE_JUNCTION_TEMP              ; 0                                     ; --                     ; --                          ; --             ;
; PARTITION_COLOR                     ; 16764057                              ; --                     ; johnpaul_chouery_comparator ; Top            ;
; PARTITION_FITTER_PRESERVATION_LEVEL ; PLACEMENT_AND_ROUTING                 ; --                     ; johnpaul_chouery_comparator ; Top            ;
; PARTITION_NETLIST_TYPE              ; SOURCE                                ; --                     ; johnpaul_chouery_comparator ; Top            ;
; POWER_BOARD_THERMAL_MODEL           ; None (CONSERVATIVE)                   ; --                     ; --                          ; --             ;
; POWER_PRESET_COOLING_SOLUTION       ; 23 MM HEAT SINK WITH 200 LFPM AIRFLOW ; --                     ; --                          ; --             ;
; PROJECT_OUTPUT_DIRECTORY            ; output_files                          ; --                     ; --                          ; --             ;
; TOP_LEVEL_ENTITY                    ; johnpaul_chouery_comparator           ; johnpaul_chouery_vhdl5 ; --                          ; --             ;
+-------------------------------------+---------------------------------------+------------------------+-----------------------------+----------------+


+-------------------------------------------------------------------------------------------------------------------------------+
; Flow Elapsed Time                                                                                                             ;
+---------------------------+--------------+-------------------------+---------------------+------------------------------------+
; Module Name               ; Elapsed Time ; Average Processors Used ; Peak Virtual Memory ; Total CPU Time (on all processors) ;
+---------------------------+--------------+-------------------------+---------------------+------------------------------------+
; Analysis & Synthesis      ; 00:00:10     ; 1.0                     ; 5084 MB             ; 00:00:18                           ;
; Fitter                    ; 00:00:28     ; 1.0                     ; 7193 MB             ; 00:01:01                           ;
; Assembler                 ; 00:00:09     ; 1.0                     ; 5016 MB             ; 00:00:07                           ;
; TimeQuest Timing Analyzer ; 00:00:08     ; 1.0                     ; 5373 MB             ; 00:00:04                           ;
; EDA Netlist Writer        ; 00:00:02     ; 1.0                     ; 4917 MB             ; 00:00:01                           ;
; Total                     ; 00:00:57     ; --                      ; --                  ; 00:01:31                           ;
+---------------------------+--------------+-------------------------+---------------------+------------------------------------+


+----------------------------------------------------------------------------------------+
; Flow OS Summary                                                                        ;
+---------------------------+------------------+-----------+------------+----------------+
; Module Name               ; Machine Hostname ; OS Name   ; OS Version ; Processor type ;
+---------------------------+------------------+-----------+------------+----------------+
; Analysis & Synthesis      ; 156TR4060-05     ; Windows 8 ; 6.2        ; x86_64         ;
; Fitter                    ; 156TR4060-05     ; Windows 8 ; 6.2        ; x86_64         ;
; Assembler                 ; 156TR4060-05     ; Windows 8 ; 6.2        ; x86_64         ;
; TimeQuest Timing Analyzer ; 156TR4060-05     ; Windows 8 ; 6.2        ; x86_64         ;
; EDA Netlist Writer        ; 156TR4060-05     ; Windows 8 ; 6.2        ; x86_64         ;
+---------------------------+------------------+-----------+------------+----------------+


------------
; Flow Log ;
------------
quartus_map --read_settings_files=on --write_settings_files=off johnpaul_chouery_vhdl5 -c johnpaul_chouery_vhdl5
quartus_fit --read_settings_files=off --write_settings_files=off johnpaul_chouery_vhdl5 -c johnpaul_chouery_vhdl5
quartus_asm --read_settings_files=off --write_settings_files=off johnpaul_chouery_vhdl5 -c johnpaul_chouery_vhdl5
quartus_sta johnpaul_chouery_vhdl5 -c johnpaul_chouery_vhdl5
quartus_eda --read_settings_files=off --write_settings_files=off johnpaul_chouery_vhdl5 -c johnpaul_chouery_vhdl5



